2020-02-18 13:58:44 +0000  Initial pipeline context: <IDEDistributionProcessingPipelineContext: 0x7f88a6571f90; archive(resolved)='<IDEArchive: 0x7f88a4a39f20>', distributionTask(resolved)='2', distributionDestination(resolved)='1', distributionMethod(resolved)='<IDEDistributionMethodiOSAppStoreDistribution: 0x7f88a4e00ac0>', team(resolved)='<IDEProvisioningDisambiguatableBasicTeam: 0x7f88a652cb10; teamID='Q274CDHX6M', teamName='Arfront Technologies Inc.', teamType='Company', username='design@arfront.com', isFreeProvisioningTeam='0'>'>
	Chain (12, self inclusive):
	<IDEDistributionProcessingPipelineContext: 0x7f88a6571f90; archive = '<IDEArchive: 0x7f88a4a39f20>', distributionMethod='<IDEDistributionMethodiOSAppStoreDistribution: 0x7f88a4e00ac0>', team='<IDEProvisioningDisambiguatableBasicTeam: 0x7f88a652cb10; teamID='Q274CDHX6M', teamName='Arfront Technologies Inc.', teamType='Company', username='design@arfront.com', isFreeProvisioningTeam='0'>'>
	<IDEDistributionProcessingPipelineContext: 0x7f88a65c46e0; archive = '<IDEArchive: 0x7f88a4a39f20>', distributionMethod='<IDEDistributionMethodiOSAppStoreDistribution: 0x7f88a4e00ac0>', team='<IDEProvisioningDisambiguatableBasicTeam: 0x7f88a652cb10; teamID='Q274CDHX6M', teamName='Arfront Technologies Inc.', teamType='Company', username='design@arfront.com', isFreeProvisioningTeam='0'>'>
	<IDEDistributionContext: 0x7f88a71788f0; archive = '<IDEArchive: 0x7f88a4a39f20>', distributionMethod='<IDEDistributionMethodiOSAppStoreDistribution: 0x7f88a4e00ac0>', team='<IDEProvisioningDisambiguatableBasicTeam: 0x7f88a652cb10; teamID='Q274CDHX6M', teamName='Arfront Technologies Inc.', teamType='Company', username='design@arfront.com', isFreeProvisioningTeam='0'>'>
	<IDEDistributionContext: 0x7f88a62e8750; archive = '<IDEArchive: 0x7f88a4a39f20>', distributionMethod='<IDEDistributionMethodiOSAppStoreDistribution: 0x7f88a4e00ac0>', team='<IDEProvisioningDisambiguatableBasicTeam: 0x7f88a652cb10; teamID='Q274CDHX6M', teamName='Arfront Technologies Inc.', teamType='Company', username='design@arfront.com', isFreeProvisioningTeam='0'>'>
	<IDEDistributionContext: 0x7f88a4883660; archive = '<IDEArchive: 0x7f88a4a39f20>', distributionMethod='<IDEDistributionMethodiOSAppStoreDistribution: 0x7f88a4e00ac0>', team='<IDEProvisioningDisambiguatableBasicTeam: 0x7f88a652cb10; teamID='Q274CDHX6M', teamName='Arfront Technologies Inc.', teamType='Company', username='design@arfront.com', isFreeProvisioningTeam='0'>'>
	<IDEDistributionContext: 0x7f88a7443980; archive = '<IDEArchive: 0x7f88a4a39f20>', distributionMethod='<IDEDistributionMethodiOSAppStoreDistribution: 0x7f88a4e00ac0>', team='<IDEProvisioningDisambiguatableBasicTeam: 0x7f88a652cb10; teamID='Q274CDHX6M', teamName='Arfront Technologies Inc.', teamType='Company', username='design@arfront.com', isFreeProvisioningTeam='0'>'>
	<IDEDistributionContext: 0x7f88a743af70; archive = '<IDEArchive: 0x7f88a4a39f20>', distributionMethod='<IDEDistributionMethodiOSAppStoreDistribution: 0x7f88a4e00ac0>', team='<IDEProvisioningDisambiguatableBasicTeam: 0x7f88a652cb10; teamID='Q274CDHX6M', teamName='Arfront Technologies Inc.', teamType='Company', username='design@arfront.com', isFreeProvisioningTeam='0'>'>
	<IDEDistributionContext: 0x7f88a667b2c0; archive = '<IDEArchive: 0x7f88a4a39f20>', distributionMethod='<IDEDistributionMethodiOSAppStoreDistribution: 0x7f88a4e00ac0>', team='<IDEProvisioningDisambiguatableBasicTeam: 0x7f88a652cb10; teamID='Q274CDHX6M', teamName='Arfront Technologies Inc.', teamType='Company', username='design@arfront.com', isFreeProvisioningTeam='0'>'>
	<IDEDistributionContext: 0x7f88a62d6c20; archive = '<IDEArchive: 0x7f88a4a39f20>', distributionMethod='<IDEDistributionMethodiOSAppStoreDistribution: 0x7f88a4e00ac0>', team='<IDEProvisioningDisambiguatableBasicTeam: 0x7f88a652cb10; teamID='Q274CDHX6M', teamName='Arfront Technologies Inc.', teamType='Company', username='design@arfront.com', isFreeProvisioningTeam='0'>'>
	<IDEDistributionContext: 0x7f88a71b72b0; archive = '<IDEArchive: 0x7f88a4a39f20>', distributionMethod='<IDEDistributionMethodiOSAppStoreDistribution: 0x7f88a4e00ac0>', team='(null)'>
	<IDEDistributionContext: 0x7f88a70cf770; archive = '<IDEArchive: 0x7f88a4a39f20>', distributionMethod='<IDEDistributionMethodiOSAppStoreDistribution: 0x7f88a4e00ac0>', team='(null)'>
	<IDEDistributionContext: 0x7f889ebdf100; archive = '<IDEArchive: 0x7f88a4a39f20>', distributionMethod='(null)', team='(null)'>
</IDEDistributionProcessingPipelineContext: 0x7f88a6571f90>
2020-02-18 13:58:44 +0000  Processing step: IDEDistributionCreateDestRootStep
2020-02-18 13:58:44 +0000  Processing step: IDEDistributionCopyItemStep
2020-02-18 13:58:44 +0000  Running /usr/bin/ditto '-V' '/Users/helen/Library/Developer/Xcode/Archives/2020-02-18/Unity-iPhone 2-18-20, 9.51 PM.xcarchive/Products/Applications/ikebana.app' '/var/folders/h0/9ltb8vtd3bg909y8dhmpq9jm0000gn/T/XcodeDistPipeline.~~~xwMFsA/Root/Payload/ikebana.app'
2020-02-18 13:58:44 +0000  >>> Copying /Users/helen/Library/Developer/Xcode/Archives/2020-02-18/Unity-iPhone 2-18-20, 9.51 PM.xcarchive/Products/Applications/ikebana.app 
2020-02-18 13:58:44 +0000  copying file ./_CodeSignature/CodeResources ... 
2020-02-18 13:58:44 +0000  23557 bytes for ./_CodeSignature/CodeResources
2020-02-18 13:58:44 +0000  copying file ./LaunchImage-1100-Portrait-2436h@3x.png ... 
2020-02-18 13:58:44 +0000  14552 bytes for ./LaunchImage-1100-Portrait-2436h@3x.png
2020-02-18 13:58:44 +0000  copying file ./LaunchImage@2x.png ... 
2020-02-18 13:58:44 +0000  3933 bytes for ./LaunchImage@2x.png
copying file ./AppIcon20x20@2x.png ... 
2020-02-18 13:58:44 +0000  1981 bytes for ./AppIcon20x20@2x.png
2020-02-18 13:58:44 +0000  copying file ./en.lproj/Localizable.strings ... 
2020-02-18 13:58:44 +0000  42 bytes for ./en.lproj/Localizable.strings
copying file ./en.lproj/InfoPlist.strings ... 
2020-02-18 13:58:44 +0000  76 bytes for ./en.lproj/InfoPlist.strings
2020-02-18 13:58:44 +0000  copying file ./LaunchScreen-iPhonePortrait.png ... 
2020-02-18 13:58:44 +0000  138 bytes for ./LaunchScreen-iPhonePortrait.png
2020-02-18 13:58:44 +0000  copying file ./LaunchScreen-iPhoneLandscape.png ... 
2020-02-18 13:58:44 +0000  138 bytes for ./LaunchScreen-iPhoneLandscape.png
2020-02-18 13:58:44 +0000  copying file ./AppIcon20x20@3x.png ... 
2020-02-18 13:58:44 +0000  2981 bytes for ./AppIcon20x20@3x.png
2020-02-18 13:58:44 +0000  copying file ./AppIcon29x29.png ... 
2020-02-18 13:58:44 +0000  1440 bytes for ./AppIcon29x29.png
2020-02-18 13:58:44 +0000  copying file ./LaunchScreen-iPad.nib/objects-13.0+.nib ... 
2020-02-18 13:58:44 +0000  1482 bytes for ./LaunchScreen-iPad.nib/objects-13.0+.nib
2020-02-18 13:58:44 +0000  copying file ./LaunchScreen-iPad.nib/runtime.nib ... 
2020-02-18 13:58:44 +0000  1482 bytes for ./LaunchScreen-iPad.nib/runtime.nib
2020-02-18 13:58:44 +0000  copying file ./LaunchImage-568h@2x.png ... 
2020-02-18 13:58:44 +0000  4617 bytes for ./LaunchImage-568h@2x.png
2020-02-18 13:58:44 +0000  copying file ./LaunchScreen-iPhone.nib/objects-13.0+.nib ... 
2020-02-18 13:58:44 +0000  1492 bytes for ./LaunchScreen-iPhone.nib/objects-13.0+.nib
2020-02-18 13:58:44 +0000  copying file ./LaunchScreen-iPhone.nib/runtime.nib ... 
2020-02-18 13:58:44 +0000  1492 bytes for ./LaunchScreen-iPhone.nib/runtime.nib
2020-02-18 13:58:44 +0000  copying file ./AppIcon60x60@2x.png ... 
2020-02-18 13:58:44 +0000  6206 bytes for ./AppIcon60x60@2x.png
2020-02-18 13:58:44 +0000  copying file ./AppIcon29x29@2x.png ... 
2020-02-18 13:58:44 +0000  2933 bytes for ./AppIcon29x29@2x.png
2020-02-18 13:58:44 +0000  copying file ./LaunchImage-1100-Landscape-2436h@3x.png ... 
2020-02-18 13:58:44 +0000  12707 bytes for ./LaunchImage-1100-Landscape-2436h@3x.png
copying file ./LaunchImage-800-667h@2x.png ... 
2020-02-18 13:58:44 +0000  5949 bytes for ./LaunchImage-800-667h@2x.png
2020-02-18 13:58:44 +0000  copying file ./LaunchImage-Portrait@2x~ipad.png ... 
2020-02-18 13:58:44 +0000  15515 bytes for ./LaunchImage-Portrait@2x~ipad.png
2020-02-18 13:58:44 +0000  copying file ./AppIcon40x40@3x.png ... 
2020-02-18 13:58:44 +0000  6206 bytes for ./AppIcon40x40@3x.png
2020-02-18 13:58:44 +0000  copying file ./AppIcon29x29~ipad.png ... 
2020-02-18 13:58:44 +0000  1440 bytes for ./AppIcon29x29~ipad.png
2020-02-18 13:58:44 +0000  copying file ./AppIcon40x40@2x.png ... 
2020-02-18 13:58:44 +0000  4255 bytes for ./AppIcon40x40@2x.png
2020-02-18 13:58:44 +0000  copying file ./LaunchImage-Portrait~ipad.png ... 
2020-02-18 13:58:44 +0000  4691 bytes for ./LaunchImage-Portrait~ipad.png
2020-02-18 13:58:44 +0000  copying file ./AppIcon29x29@3x.png ... 
2020-02-18 13:58:44 +0000  4541 bytes for ./AppIcon29x29@3x.png
2020-02-18 13:58:44 +0000  copying file ./AppIcon60x60@3x.png ... 
2020-02-18 13:58:44 +0000  9295 bytes for ./AppIcon60x60@3x.png
2020-02-18 13:58:44 +0000  copying file ./LaunchScreen-iPad.png ... 
2020-02-18 13:58:44 +0000  138 bytes for ./LaunchScreen-iPad.png
2020-02-18 13:58:44 +0000  copying file ./LaunchImage-Landscape~ipad.png ... 
2020-02-18 13:58:44 +0000  4433 bytes for ./LaunchImage-Landscape~ipad.png
2020-02-18 13:58:44 +0000  copying file ./LaunchImage-700-Portrait~ipad.png ... 
2020-02-18 13:58:44 +0000  4691 bytes for ./LaunchImage-700-Portrait~ipad.png
2020-02-18 13:58:44 +0000  copying file ./Assets.car ... 
2020-02-18 13:58:44 +0000  238088 bytes for ./Assets.car
2020-02-18 13:58:44 +0000  copying file ./AppIcon40x40@2x~ipad.png ... 
2020-02-18 13:58:44 +0000  4255 bytes for ./AppIcon40x40@2x~ipad.png
2020-02-18 13:58:44 +0000  copying file ./AppIcon76x76@2x~ipad.png ... 
2020-02-18 13:58:44 +0000  7877 bytes for ./AppIcon76x76@2x~ipad.png
2020-02-18 13:58:44 +0000  copying file ./LaunchImage-800-Portrait-736h@3x.png ... 
2020-02-18 13:58:44 +0000  14196 bytes for ./LaunchImage-800-Portrait-736h@3x.png
2020-02-18 13:58:44 +0000  copying file ./LaunchImage-700@2x.png ... 
2020-02-18 13:58:44 +0000  3933 bytes for ./LaunchImage-700@2x.png
2020-02-18 13:58:44 +0000  copying file ./AppIcon83.5x83.5@2x~ipad.png ... 
2020-02-18 13:58:44 +0000  8711 bytes for ./AppIcon83.5x83.5@2x~ipad.png
2020-02-18 13:58:44 +0000  copying file ./LaunchImage-700-568h@2x.png ... 
2020-02-18 13:58:44 +0000  4617 bytes for ./LaunchImage-700-568h@2x.png
copying file ./LaunchImage-Landscape@2x~ipad.png ... 
2020-02-18 13:58:44 +0000  14943 bytes for ./LaunchImage-Landscape@2x~ipad.png
2020-02-18 13:58:44 +0000  copying file ./ikebana ... 
2020-02-18 13:58:45 +0000  36670000 bytes for ./ikebana
2020-02-18 13:58:45 +0000  copying file ./AppIcon29x29@2x~ipad.png ... 
2933 bytes for ./AppIcon29x29@2x~ipad.png
copying file ./LaunchImage-700-Landscape@2x~ipad.png ... 
2020-02-18 13:58:45 +0000  14943 bytes for ./LaunchImage-700-Landscape@2x~ipad.png
2020-02-18 13:58:45 +0000  copying file ./AppIcon40x40~ipad.png ... 
2020-02-18 13:58:45 +0000  1981 bytes for ./AppIcon40x40~ipad.png
2020-02-18 13:58:45 +0000  copying file ./AppIcon20x20~ipad.png ... 
2020-02-18 13:58:45 +0000  917 bytes for ./AppIcon20x20~ipad.png
2020-02-18 13:58:45 +0000  copying file ./LaunchImage.png ... 
2020-02-18 13:58:45 +0000  1425 bytes for ./LaunchImage.png
2020-02-18 13:58:45 +0000  copying file ./embedded.mobileprovision ... 
2020-02-18 13:58:45 +0000  7306 bytes for ./embedded.mobileprovision
2020-02-18 13:58:45 +0000  copying file ./Data/Managed/SymbolMap-32 ... 
2020-02-18 13:58:45 +0000  262612 bytes for ./Data/Managed/SymbolMap-32
2020-02-18 13:58:45 +0000  copying file ./Data/Managed/Resources/mscorlib.dll-resources.dat ... 
2020-02-18 13:58:45 +0000  337563 bytes for ./Data/Managed/Resources/mscorlib.dll-resources.dat
2020-02-18 13:58:45 +0000  copying file ./Data/Managed/Resources/I18N.CJK.dll-resources.dat ... 
2020-02-18 13:58:45 +0000  641770 bytes for ./Data/Managed/Resources/I18N.CJK.dll-resources.dat
2020-02-18 13:58:45 +0000  copying file ./Data/Managed/mono/2.0/machine.config ... 
2020-02-18 13:58:45 +0000  27625 bytes for ./Data/Managed/mono/2.0/machine.config
2020-02-18 13:58:45 +0000  copying file ./Data/Managed/mono/4.0/machine.config ... 
2020-02-18 13:58:45 +0000  33648 bytes for ./Data/Managed/mono/4.0/machine.config
2020-02-18 13:58:45 +0000  copying file ./Data/Managed/Metadata/global-metadata.dat ... 
2020-02-18 13:58:45 +0000  4140672 bytes for ./Data/Managed/Metadata/global-metadata.dat
2020-02-18 13:58:45 +0000  copying file ./Data/globalgamemanagers ... 
2020-02-18 13:58:45 +0000  58296 bytes for ./Data/globalgamemanagers
2020-02-18 13:58:45 +0000  copying file ./Data/boot.config ... 
2020-02-18 13:58:45 +0000  123 bytes for ./Data/boot.config
2020-02-18 13:58:45 +0000  copying file ./Data/resources.assets ... 
2020-02-18 13:58:45 +0000  18663088 bytes for ./Data/resources.assets
2020-02-18 13:58:45 +0000  copying file ./Data/Resources/unity_builtin_extra ... 
2020-02-18 13:58:45 +0000  624792 bytes for ./Data/Resources/unity_builtin_extra
2020-02-18 13:58:45 +0000  copying file ./Data/unity default resources ... 
2020-02-18 13:58:45 +0000  6275364 bytes for ./Data/unity default resources
2020-02-18 13:58:45 +0000  copying file ./Data/resources.resource ... 
2020-02-18 13:58:45 +0000  35136 bytes for ./Data/resources.resource
copying file ./Data/sharedassets0.assets.resS ... 
2020-02-18 13:58:45 +0000  15255948 bytes for ./Data/sharedassets0.assets.resS
2020-02-18 13:58:45 +0000  copying file ./Data/sharedassets0.assets ... 
2020-02-18 13:58:45 +0000  2070356 bytes for ./Data/sharedassets0.assets
2020-02-18 13:58:45 +0000  copying file ./Data/globalgamemanagers.assets.resS ... 
2020-02-18 13:58:45 +0000  1960000 bytes for ./Data/globalgamemanagers.assets.resS
2020-02-18 13:58:45 +0000  copying file ./Data/level0.resS ... 
2020-02-18 13:58:45 +0000  393212 bytes for ./Data/level0.resS
2020-02-18 13:58:45 +0000  copying file ./Data/level0 ... 
2020-02-18 13:58:45 +0000  67104 bytes for ./Data/level0
2020-02-18 13:58:45 +0000  copying file ./Data/resources.assets.resS ... 
2020-02-18 13:58:45 +0000  161792 bytes for ./Data/resources.assets.resS
2020-02-18 13:58:45 +0000  copying file ./Data/globalgamemanagers.assets ... 
2020-02-18 13:58:45 +0000  101592 bytes for ./Data/globalgamemanagers.assets
2020-02-18 13:58:45 +0000  copying file ./LaunchImage-800-Landscape-736h@3x.png ... 
2020-02-18 13:58:45 +0000  12887 bytes for ./LaunchImage-800-Landscape-736h@3x.png
2020-02-18 13:58:45 +0000  copying file ./LaunchImage-700-Portrait@2x~ipad.png ... 
2020-02-18 13:58:45 +0000  15515 bytes for ./LaunchImage-700-Portrait@2x~ipad.png
copying file ./LaunchImage-700-Landscape~ipad.png ... 
2020-02-18 13:58:45 +0000  4433 bytes for ./LaunchImage-700-Landscape~ipad.png
2020-02-18 13:58:45 +0000  copying file ./AppIcon20x20@2x~ipad.png ... 
2020-02-18 13:58:45 +0000  1981 bytes for ./AppIcon20x20@2x~ipad.png
2020-02-18 13:58:45 +0000  copying file ./Info.plist ... 
2020-02-18 13:58:45 +0000  2519 bytes for ./Info.plist
2020-02-18 13:58:45 +0000  copying file ./PkgInfo ... 
2020-02-18 13:58:45 +0000  8 bytes for ./PkgInfo
2020-02-18 13:58:45 +0000  copying file ./zh.lproj/Localizable.strings ... 
2020-02-18 13:58:45 +0000  42 bytes for ./zh.lproj/Localizable.strings
2020-02-18 13:58:45 +0000  copying file ./zh.lproj/InfoPlist.strings ... 
2020-02-18 13:58:45 +0000  76 bytes for ./zh.lproj/InfoPlist.strings
2020-02-18 13:58:45 +0000  copying file ./AppIcon76x76~ipad.png ... 
2020-02-18 13:58:45 +0000  3963 bytes for ./AppIcon76x76~ipad.png
2020-02-18 13:58:45 +0000  /usr/bin/ditto exited with 0
2020-02-18 13:58:45 +0000  Processing step: IDEDistributionEmbedProfileStep
2020-02-18 13:58:45 +0000  Processing step: IDEDistributionItemRemovalStep
2020-02-18 13:58:45 +0000  Processing step: IDEDistributionAppThinningPlistStep
2020-02-18 13:58:45 +0000  Skipping step: IDEDistributionAppThinningPlistStep because it said so
2020-02-18 13:58:45 +0000  Processing step: IDEDistributionCompileBitcodeStep
2020-02-18 13:58:45 +0000  Skipping step: IDEDistributionCompileBitcodeStep because it said so
2020-02-18 13:58:45 +0000  Processing step: IDEDistributionCodeSlimmingStep
2020-02-18 13:58:45 +0000  Processing step: IDEDistributionCopyBCSymbolMapsStep
2020-02-18 13:58:45 +0000  Processing step: IDEDistributionSymbolsStep
2020-02-18 13:58:45 +0000  Processing symbols for ikebana.app
2020-02-18 13:58:45 +0000  Running /usr/bin/rsync '-8aPhhE' '/var/folders/h0/9ltb8vtd3bg909y8dhmpq9jm0000gn/T/XcodeDistPipeline.~~~xwMFsA/Root/Payload/ikebana.app' '--link-dest' '/var/folders/h0/9ltb8vtd3bg909y8dhmpq9jm0000gn/T/XcodeDistPipeline.~~~xwMFsA/Root/Payload' '/var/folders/h0/9ltb8vtd3bg909y8dhmpq9jm0000gn/T/XcodeDistPipeline.~~~xwMFsA'
2020-02-18 13:58:45 +0000  building file list ... 
2020-02-18 13:58:45 +0000   0 files...2020-02-18 13:58:45 +0000  86 files to consider
2020-02-18 13:58:45 +0000  ikebana.app/
2020-02-18 13:58:45 +0000  ikebana.app/Data/
ikebana.app/Data/Managed/
ikebana.app/Data/Managed/Metadata/
ikebana.app/Data/Managed/Resources/
ikebana.app/Data/Managed/mono/
2020-02-18 13:58:45 +0000  ikebana.app/Data/Managed/mono/2.0/
ikebana.app/Data/Managed/mono/4.0/
ikebana.app/Data/Resources/
ikebana.app/LaunchScreen-iPad.nib/
ikebana.app/LaunchScreen-iPhone.nib/
ikebana.app/_CodeSignature/
ikebana.app/en.lproj/
ikebana.app/zh.lproj/
2020-02-18 13:58:45 +0000  
2020-02-18 13:58:45 +0000  sent 2.65K bytes  received 104 bytes  5.50K bytes/sec
total size is 84.20M  speedup is 31330.96
2020-02-18 13:58:45 +0000  /usr/bin/rsync exited with 0
2020-02-18 13:58:45 +0000  Running /usr/bin/rsync '-8aPhhE' '/Users/helen/Library/Developer/Xcode/Archives/2020-02-18/Unity-iPhone 2-18-20, 9.51 PM.xcarchive/dSYMs/' '--link-dest' '/Users/helen/Library/Developer/Xcode/Archives/2020-02-18/Unity-iPhone 2-18-20, 9.51 PM.xcarchive/dSYMs/' '/var/folders/h0/9ltb8vtd3bg909y8dhmpq9jm0000gn/T/XcodeDistPipeline.~~~xwMFsA'
2020-02-18 13:58:45 +0000  building file list ... 
2020-02-18 13:58:45 +0000   0 files...2020-02-18 13:58:45 +0000  7 files to consider
2020-02-18 13:58:45 +0000  ./
2020-02-18 13:58:45 +0000  ikebana.app.dSYM/
ikebana.app.dSYM/Contents/
2020-02-18 13:58:45 +0000  ikebana.app.dSYM/Contents/Resources/
ikebana.app.dSYM/Contents/Resources/DWARF/
2020-02-18 13:58:45 +0000  
sent 250 bytes  received 50 bytes  600.00 bytes/sec
2020-02-18 13:58:45 +0000  total size is 160.31M  speedup is 560339.98
2020-02-18 13:58:45 +0000  /usr/bin/rsync exited with 0
2020-02-18 13:58:45 +0000  Running /Applications/Xcode.app/Contents/Developer/usr/bin/symbols '-noTextInSOD' '-noDaemon' '-arch' 'all' '-symbolsPackageDir' '/var/folders/h0/9ltb8vtd3bg909y8dhmpq9jm0000gn/T/XcodeDistPipeline.~~~xwMFsA/Symbols' '/var/folders/h0/9ltb8vtd3bg909y8dhmpq9jm0000gn/T/XcodeDistPipeline.~~~xwMFsA/ikebana.app.dSYM/Contents/Resources/Dwarf/ikebana'
2020-02-18 13:58:53 +0000  /var/folders/h0/9ltb8vtd3bg909y8dhmpq9jm0000gn/T/XcodeDistPipeline.~~~xwMFsA/ikebana.app.dSYM/Contents/Resources/Dwarf/ikebana [armv7, 3.527586 seconds]:
2020-02-18 13:58:53 +0000  /Applications/Xcode.app/Contents/Developer/usr/bin/symbols exited with 0
2020-02-18 13:58:53 +0000  Processing step: IDEDistributionCopyAppleProvidedContentStep
2020-02-18 13:58:53 +0000  Processing step: IDEDistributionAppThinningStep
2020-02-18 13:58:53 +0000  Skipping step: IDEDistributionAppThinningStep because it said so
2020-02-18 13:58:53 +0000  Processing step: IDEDistributionArchThinningStep
2020-02-18 13:58:53 +0000  Running /Applications/Xcode.app/Contents/Developer/Toolchains/XcodeDefault.xctoolchain/usr/bin/lipo '/var/folders/h0/9ltb8vtd3bg909y8dhmpq9jm0000gn/T/XcodeDistPipeline.~~~xwMFsA/Root/Payload/ikebana.app/ikebana' '-verify_arch' 'arm64e'
2020-02-18 13:58:53 +0000  /Applications/Xcode.app/Contents/Developer/Toolchains/XcodeDefault.xctoolchain/usr/bin/lipo exited with 1
2020-02-18 13:58:53 +0000  Skipping architecture thinning for item "ikebana" because arch "arm64e" wasn't found
2020-02-18 13:58:53 +0000  Processing step: IDEDistributionODRStep
2020-02-18 13:58:53 +0000  Processing step: IDEDistributionStripXattrsStep
2020-02-18 13:58:53 +0000  Running /usr/bin/xattr '-crs' '/var/folders/h0/9ltb8vtd3bg909y8dhmpq9jm0000gn/T/XcodeDistPipeline.~~~xwMFsA/Root/Payload/ikebana.app'
2020-02-18 13:58:53 +0000  /usr/bin/xattr exited with 0
2020-02-18 13:58:53 +0000  Processing step: IDEDistributionCodesignStep
2020-02-18 13:58:53 +0000  Entitlements for <IDEDistributionItem: 0x7f88a72bf760; bundleID='com.arfront.ikebana', path='<DVTFilePath:0x7f88a7051450:'/Users/helen/Library/Developer/Xcode/Archives/2020-02-18/Unity-iPhone 2-18-20, 9.51 PM.xcarchive/Products/Applications/ikebana.app'>', codeSigningInfo='<_DVTCodeSigningInformation_Path: 0x7f88a71adeb0; isSigned='1', isAdHocSigned='0', signingCertificate='<DVTSigningCertificate: 0x7f88a2d640d0; name='iPhone Distribution: Arfront Technologies Inc. (Q274CDHX6M)', hash='E03F2E6266A73971A988FA244293E00AA3658A0F', serialNumber='790BCC320E8514F3', certificateKinds='(
    "1.2.840.113635.100.6.1.4"
), issueDate='2019-10-10 06:18:30 +0000''>', entitlements='{
    "application-identifier" = "Q274CDHX6M.com.arfront.ikebana";
    "beta-reports-active" = 1;
    "com.apple.developer.team-identifier" = Q274CDHX6M;
    "get-task-allow" = 0;
    "keychain-access-groups" =     (
        "Q274CDHX6M.com.arfront.ikebana"
    );
}', teamID='Q274CDHX6M', identifier='com.arfront.ikebana', executablePath='<DVTFilePath:0x7f88a7068690:'/Users/helen/Library/Developer/Xcode/Archives/2020-02-18/Unity-iPhone 2-18-20, 9.51 PM.xcarchive/Products/Applications/ikebana.app/ikebana'>', hardenedRuntime='0'>'>: {
    "application-identifier" = "Q274CDHX6M.com.arfront.ikebana";
    "beta-reports-active" = 1;
    "com.apple.developer.team-identifier" = Q274CDHX6M;
    "get-task-allow" = 0;
    "keychain-access-groups" =     (
        "Q274CDHX6M.com.arfront.ikebana"
    );
}
2020-02-18 13:58:53 +0000  Writing entitlements for <IDEDistributionItem: 0x7f88a72bf760; bundleID='com.arfront.ikebana', path='<DVTFilePath:0x7f88a7051450:'/Users/helen/Library/Developer/Xcode/Archives/2020-02-18/Unity-iPhone 2-18-20, 9.51 PM.xcarchive/Products/Applications/ikebana.app'>', codeSigningInfo='<_DVTCodeSigningInformation_Path: 0x7f88a71adeb0; isSigned='1', isAdHocSigned='0', signingCertificate='<DVTSigningCertificate: 0x7f88a48cdd00; name='iPhone Distribution: Arfront Technologies Inc. (Q274CDHX6M)', hash='E03F2E6266A73971A988FA244293E00AA3658A0F', serialNumber='790BCC320E8514F3', certificateKinds='(
    "1.2.840.113635.100.6.1.4"
), issueDate='2019-10-10 06:18:30 +0000''>', entitlements='{
    "application-identifier" = "Q274CDHX6M.com.arfront.ikebana";
    "beta-reports-active" = 1;
    "com.apple.developer.team-identifier" = Q274CDHX6M;
    "get-task-allow" = 0;
    "keychain-access-groups" =     (
        "Q274CDHX6M.com.arfront.ikebana"
    );
}', teamID='Q274CDHX6M', identifier='com.arfront.ikebana', executablePath='<DVTFilePath:0x7f88a7068690:'/Users/helen/Library/Developer/Xcode/Archives/2020-02-18/Unity-iPhone 2-18-20, 9.51 PM.xcarchive/Products/Applications/ikebana.app/ikebana'>', hardenedRuntime='0'>'> to: /var/folders/h0/9ltb8vtd3bg909y8dhmpq9jm0000gn/T/XcodeDistPipeline.~~~xwMFsA/entitlements~~~MghqJm
2020-02-18 13:58:53 +0000  Running /usr/bin/codesign '-vvv' '--force' '--sign' 'E03F2E6266A73971A988FA244293E00AA3658A0F' '--entitlements' '/var/folders/h0/9ltb8vtd3bg909y8dhmpq9jm0000gn/T/XcodeDistPipeline.~~~xwMFsA/entitlements~~~MghqJm' '--preserve-metadata=identifier,flags,runtime' '/var/folders/h0/9ltb8vtd3bg909y8dhmpq9jm0000gn/T/XcodeDistPipeline.~~~xwMFsA/Root/Payload/ikebana.app'
2020-02-18 13:58:53 +0000  /var/folders/h0/9ltb8vtd3bg909y8dhmpq9jm0000gn/T/XcodeDistPipeline.~~~xwMFsA/Root/Payload/ikebana.app: replacing existing signature
2020-02-18 13:59:13 +0000  /var/folders/h0/9ltb8vtd3bg909y8dhmpq9jm0000gn/T/XcodeDistPipeline.~~~xwMFsA/Root/Payload/ikebana.app: signed app bundle with Mach-O thin (armv7) [com.arfront.ikebana]
2020-02-18 13:59:13 +0000  /usr/bin/codesign exited with 0
2020-02-18 13:59:13 +0000  Processing step: IDEDistributionZipODRItemStep
2020-02-18 13:59:13 +0000  Skipping step: IDEDistributionZipODRItemStep because it said so
2020-02-18 13:59:13 +0000  Processing step: IDEDistributionCreateIPAStep
2020-02-18 13:59:13 +0000  Running /usr/bin/rsync '-8aPhhE' '/var/folders/h0/9ltb8vtd3bg909y8dhmpq9jm0000gn/T/XcodeDistPipeline.~~~xwMFsA/Symbols' '--link-dest' '/var/folders/h0/9ltb8vtd3bg909y8dhmpq9jm0000gn/T/XcodeDistPipeline.~~~xwMFsA' '/var/folders/h0/9ltb8vtd3bg909y8dhmpq9jm0000gn/T/XcodeDistPipeline.~~~xwMFsA/Root'
2020-02-18 13:59:13 +0000  building file list ... 
2020-02-18 13:59:13 +0000   0 files...2020-02-18 13:59:13 +0000  2 files to consider
2020-02-18 13:59:13 +0000  Symbols/
2020-02-18 13:59:13 +0000  
2020-02-18 13:59:13 +0000  sent 142 bytes  received 26 bytes  336.00 bytes/sec
total size is 119.27M  speedup is 744429.86
2020-02-18 13:59:13 +0000  /usr/bin/rsync exited with 0
2020-02-18 13:59:13 +0000  Running /usr/bin/ditto '-V' '-c' '-k' '--norsrc' '/var/folders/h0/9ltb8vtd3bg909y8dhmpq9jm0000gn/T/XcodeDistPipeline.~~~xwMFsA/Root' '/var/folders/h0/9ltb8vtd3bg909y8dhmpq9jm0000gn/T/XcodeDistPipeline.~~~xwMFsA/Packages/Unity-iPhone.ipa'
2020-02-18 13:59:13 +0000  >>> Copying /var/folders/h0/9ltb8vtd3bg909y8dhmpq9jm0000gn/T/XcodeDistPipeline.~~~xwMFsA/Root 
2020-02-18 13:59:13 +0000  copying file ./Payload/ikebana.app/_CodeSignature/CodeResources ... 
2020-02-18 13:59:13 +0000  23557 bytes for ./Payload/ikebana.app/_CodeSignature/CodeResources
2020-02-18 13:59:13 +0000  copying file ./Payload/ikebana.app/LaunchImage-1100-Portrait-2436h@3x.png ... 
2020-02-18 13:59:13 +0000  14552 bytes for ./Payload/ikebana.app/LaunchImage-1100-Portrait-2436h@3x.png
2020-02-18 13:59:13 +0000  copying file ./Payload/ikebana.app/LaunchImage@2x.png ... 
2020-02-18 13:59:13 +0000  3933 bytes for ./Payload/ikebana.app/LaunchImage@2x.png
2020-02-18 13:59:13 +0000  copying file ./Payload/ikebana.app/AppIcon20x20@2x.png ... 
2020-02-18 13:59:13 +0000  1981 bytes for ./Payload/ikebana.app/AppIcon20x20@2x.png
2020-02-18 13:59:13 +0000  copying file ./Payload/ikebana.app/en.lproj/Localizable.strings ... 
2020-02-18 13:59:13 +0000  42 bytes for ./Payload/ikebana.app/en.lproj/Localizable.strings
2020-02-18 13:59:13 +0000  copying file ./Payload/ikebana.app/en.lproj/InfoPlist.strings ... 
2020-02-18 13:59:13 +0000  76 bytes for ./Payload/ikebana.app/en.lproj/InfoPlist.strings
copying file ./Payload/ikebana.app/LaunchScreen-iPhonePortrait.png ... 
2020-02-18 13:59:13 +0000  138 bytes for ./Payload/ikebana.app/LaunchScreen-iPhonePortrait.png
2020-02-18 13:59:13 +0000  copying file ./Payload/ikebana.app/LaunchScreen-iPhoneLandscape.png ... 
2020-02-18 13:59:13 +0000  138 bytes for ./Payload/ikebana.app/LaunchScreen-iPhoneLandscape.png
copying file ./Payload/ikebana.app/AppIcon20x20@3x.png ... 
2020-02-18 13:59:13 +0000  2981 bytes for ./Payload/ikebana.app/AppIcon20x20@3x.png
2020-02-18 13:59:13 +0000  copying file ./Payload/ikebana.app/AppIcon29x29.png ... 
2020-02-18 13:59:13 +0000  1440 bytes for ./Payload/ikebana.app/AppIcon29x29.png
2020-02-18 13:59:13 +0000  copying file ./Payload/ikebana.app/LaunchScreen-iPad.nib/objects-13.0+.nib ... 
2020-02-18 13:59:13 +0000  1482 bytes for ./Payload/ikebana.app/LaunchScreen-iPad.nib/objects-13.0+.nib
2020-02-18 13:59:13 +0000  copying file ./Payload/ikebana.app/LaunchScreen-iPad.nib/runtime.nib ... 
2020-02-18 13:59:13 +0000  1482 bytes for ./Payload/ikebana.app/LaunchScreen-iPad.nib/runtime.nib
2020-02-18 13:59:13 +0000  copying file ./Payload/ikebana.app/LaunchImage-568h@2x.png ... 
2020-02-18 13:59:13 +0000  4617 bytes for ./Payload/ikebana.app/LaunchImage-568h@2x.png
2020-02-18 13:59:13 +0000  copying file ./Payload/ikebana.app/LaunchScreen-iPhone.nib/objects-13.0+.nib ... 
2020-02-18 13:59:13 +0000  1492 bytes for ./Payload/ikebana.app/LaunchScreen-iPhone.nib/objects-13.0+.nib
2020-02-18 13:59:13 +0000  copying file ./Payload/ikebana.app/LaunchScreen-iPhone.nib/runtime.nib ... 
2020-02-18 13:59:13 +0000  1492 bytes for ./Payload/ikebana.app/LaunchScreen-iPhone.nib/runtime.nib
copying file ./Payload/ikebana.app/AppIcon60x60@2x.png ... 
2020-02-18 13:59:13 +0000  6206 bytes for ./Payload/ikebana.app/AppIcon60x60@2x.png
2020-02-18 13:59:13 +0000  copying file ./Payload/ikebana.app/AppIcon29x29@2x.png ... 
2020-02-18 13:59:13 +0000  2933 bytes for ./Payload/ikebana.app/AppIcon29x29@2x.png
2020-02-18 13:59:13 +0000  copying file ./Payload/ikebana.app/LaunchImage-1100-Landscape-2436h@3x.png ... 
2020-02-18 13:59:13 +0000  12707 bytes for ./Payload/ikebana.app/LaunchImage-1100-Landscape-2436h@3x.png
2020-02-18 13:59:13 +0000  copying file ./Payload/ikebana.app/LaunchImage-800-667h@2x.png ... 
2020-02-18 13:59:13 +0000  5949 bytes for ./Payload/ikebana.app/LaunchImage-800-667h@2x.png
2020-02-18 13:59:13 +0000  copying file ./Payload/ikebana.app/LaunchImage-Portrait@2x~ipad.png ... 
2020-02-18 13:59:13 +0000  15515 bytes for ./Payload/ikebana.app/LaunchImage-Portrait@2x~ipad.png
2020-02-18 13:59:13 +0000  copying file ./Payload/ikebana.app/AppIcon40x40@3x.png ... 
2020-02-18 13:59:13 +0000  6206 bytes for ./Payload/ikebana.app/AppIcon40x40@3x.png
2020-02-18 13:59:13 +0000  copying file ./Payload/ikebana.app/AppIcon29x29~ipad.png ... 
2020-02-18 13:59:13 +0000  1440 bytes for ./Payload/ikebana.app/AppIcon29x29~ipad.png
2020-02-18 13:59:13 +0000  copying file ./Payload/ikebana.app/AppIcon40x40@2x.png ... 
2020-02-18 13:59:13 +0000  4255 bytes for ./Payload/ikebana.app/AppIcon40x40@2x.png
2020-02-18 13:59:13 +0000  copying file ./Payload/ikebana.app/LaunchImage-Portrait~ipad.png ... 
2020-02-18 13:59:13 +0000  4691 bytes for ./Payload/ikebana.app/LaunchImage-Portrait~ipad.png
2020-02-18 13:59:13 +0000  copying file ./Payload/ikebana.app/AppIcon29x29@3x.png ... 
2020-02-18 13:59:13 +0000  4541 bytes for ./Payload/ikebana.app/AppIcon29x29@3x.png
2020-02-18 13:59:13 +0000  copying file ./Payload/ikebana.app/AppIcon60x60@3x.png ... 
2020-02-18 13:59:13 +0000  9295 bytes for ./Payload/ikebana.app/AppIcon60x60@3x.png
2020-02-18 13:59:13 +0000  copying file ./Payload/ikebana.app/LaunchScreen-iPad.png ... 
2020-02-18 13:59:13 +0000  138 bytes for ./Payload/ikebana.app/LaunchScreen-iPad.png
2020-02-18 13:59:13 +0000  copying file ./Payload/ikebana.app/LaunchImage-Landscape~ipad.png ... 
2020-02-18 13:59:13 +0000  4433 bytes for ./Payload/ikebana.app/LaunchImage-Landscape~ipad.png
2020-02-18 13:59:13 +0000  copying file ./Payload/ikebana.app/LaunchImage-700-Portrait~ipad.png ... 
2020-02-18 13:59:13 +0000  4691 bytes for ./Payload/ikebana.app/LaunchImage-700-Portrait~ipad.png
2020-02-18 13:59:13 +0000  copying file ./Payload/ikebana.app/Assets.car ... 
2020-02-18 13:59:13 +0000  238088 bytes for ./Payload/ikebana.app/Assets.car
2020-02-18 13:59:13 +0000  copying file ./Payload/ikebana.app/AppIcon40x40@2x~ipad.png ... 
2020-02-18 13:59:13 +0000  4255 bytes for ./Payload/ikebana.app/AppIcon40x40@2x~ipad.png
copying file ./Payload/ikebana.app/AppIcon76x76@2x~ipad.png ... 
2020-02-18 13:59:13 +0000  7877 bytes for ./Payload/ikebana.app/AppIcon76x76@2x~ipad.png
2020-02-18 13:59:13 +0000  copying file ./Payload/ikebana.app/LaunchImage-800-Portrait-736h@3x.png ... 
2020-02-18 13:59:13 +0000  14196 bytes for ./Payload/ikebana.app/LaunchImage-800-Portrait-736h@3x.png
2020-02-18 13:59:13 +0000  copying file ./Payload/ikebana.app/LaunchImage-700@2x.png ... 
2020-02-18 13:59:13 +0000  3933 bytes for ./Payload/ikebana.app/LaunchImage-700@2x.png
copying file ./Payload/ikebana.app/AppIcon83.5x83.5@2x~ipad.png ... 
2020-02-18 13:59:13 +0000  8711 bytes for ./Payload/ikebana.app/AppIcon83.5x83.5@2x~ipad.png
2020-02-18 13:59:13 +0000  copying file ./Payload/ikebana.app/LaunchImage-700-568h@2x.png ... 
2020-02-18 13:59:13 +0000  4617 bytes for ./Payload/ikebana.app/LaunchImage-700-568h@2x.png
copying file ./Payload/ikebana.app/LaunchImage-Landscape@2x~ipad.png ... 
2020-02-18 13:59:13 +0000  14943 bytes for ./Payload/ikebana.app/LaunchImage-Landscape@2x~ipad.png
copying file ./Payload/ikebana.app/ikebana ... 
2020-02-18 13:59:15 +0000  36670000 bytes for ./Payload/ikebana.app/ikebana
2020-02-18 13:59:15 +0000  copying file ./Payload/ikebana.app/AppIcon29x29@2x~ipad.png ... 
2933 bytes for ./Payload/ikebana.app/AppIcon29x29@2x~ipad.png
copying file ./Payload/ikebana.app/LaunchImage-700-Landscape@2x~ipad.png ... 
14943 bytes for ./Payload/ikebana.app/LaunchImage-700-Landscape@2x~ipad.png
copying file ./Payload/ikebana.app/AppIcon40x40~ipad.png ... 
1981 bytes for ./Payload/ikebana.app/AppIcon40x40~ipad.png
copying file ./Payload/ikebana.app/AppIcon20x20~ipad.png ... 
917 bytes for ./Payload/ikebana.app/AppIcon20x20~ipad.png
2020-02-18 13:59:15 +0000  copying file ./Payload/ikebana.app/LaunchImage.png ... 
1425 bytes for ./Payload/ikebana.app/LaunchImage.png
2020-02-18 13:59:15 +0000  copying file ./Payload/ikebana.app/embedded.mobileprovision ... 
2020-02-18 13:59:15 +0000  7306 bytes for ./Payload/ikebana.app/embedded.mobileprovision
2020-02-18 13:59:15 +0000  copying file ./Payload/ikebana.app/Data/Managed/SymbolMap-32 ... 
2020-02-18 13:59:15 +0000  262612 bytes for ./Payload/ikebana.app/Data/Managed/SymbolMap-32
2020-02-18 13:59:15 +0000  copying file ./Payload/ikebana.app/Data/Managed/Resources/mscorlib.dll-resources.dat ... 
2020-02-18 13:59:15 +0000  337563 bytes for ./Payload/ikebana.app/Data/Managed/Resources/mscorlib.dll-resources.dat
2020-02-18 13:59:15 +0000  copying file ./Payload/ikebana.app/Data/Managed/Resources/I18N.CJK.dll-resources.dat ... 
2020-02-18 13:59:15 +0000  641770 bytes for ./Payload/ikebana.app/Data/Managed/Resources/I18N.CJK.dll-resources.dat
2020-02-18 13:59:15 +0000  copying file ./Payload/ikebana.app/Data/Managed/mono/2.0/machine.config ... 
2020-02-18 13:59:15 +0000  27625 bytes for ./Payload/ikebana.app/Data/Managed/mono/2.0/machine.config
2020-02-18 13:59:15 +0000  copying file ./Payload/ikebana.app/Data/Managed/mono/4.0/machine.config ... 
2020-02-18 13:59:15 +0000  33648 bytes for ./Payload/ikebana.app/Data/Managed/mono/4.0/machine.config
2020-02-18 13:59:15 +0000  copying file ./Payload/ikebana.app/Data/Managed/Metadata/global-metadata.dat ... 
2020-02-18 13:59:15 +0000  4140672 bytes for ./Payload/ikebana.app/Data/Managed/Metadata/global-metadata.dat
2020-02-18 13:59:15 +0000  copying file ./Payload/ikebana.app/Data/globalgamemanagers ... 
2020-02-18 13:59:15 +0000  58296 bytes for ./Payload/ikebana.app/Data/globalgamemanagers
2020-02-18 13:59:15 +0000  copying file ./Payload/ikebana.app/Data/boot.config ... 
2020-02-18 13:59:15 +0000  123 bytes for ./Payload/ikebana.app/Data/boot.config
copying file ./Payload/ikebana.app/Data/resources.assets ... 
2020-02-18 13:59:16 +0000  18663088 bytes for ./Payload/ikebana.app/Data/resources.assets
2020-02-18 13:59:16 +0000  copying file ./Payload/ikebana.app/Data/Resources/unity_builtin_extra ... 
2020-02-18 13:59:16 +0000  624792 bytes for ./Payload/ikebana.app/Data/Resources/unity_builtin_extra
2020-02-18 13:59:16 +0000  copying file ./Payload/ikebana.app/Data/unity default resources ... 
2020-02-18 13:59:16 +0000  6275364 bytes for ./Payload/ikebana.app/Data/unity default resources
2020-02-18 13:59:16 +0000  copying file ./Payload/ikebana.app/Data/resources.resource ... 
2020-02-18 13:59:16 +0000  35136 bytes for ./Payload/ikebana.app/Data/resources.resource
copying file ./Payload/ikebana.app/Data/sharedassets0.assets.resS ... 
2020-02-18 13:59:16 +0000  15255948 bytes for ./Payload/ikebana.app/Data/sharedassets0.assets.resS
2020-02-18 13:59:16 +0000  copying file ./Payload/ikebana.app/Data/sharedassets0.assets ... 
2020-02-18 13:59:17 +0000  2070356 bytes for ./Payload/ikebana.app/Data/sharedassets0.assets
2020-02-18 13:59:17 +0000  copying file ./Payload/ikebana.app/Data/globalgamemanagers.assets.resS ... 
2020-02-18 13:59:17 +0000  1960000 bytes for ./Payload/ikebana.app/Data/globalgamemanagers.assets.resS
2020-02-18 13:59:17 +0000  copying file ./Payload/ikebana.app/Data/level0.resS ... 
2020-02-18 13:59:17 +0000  393212 bytes for ./Payload/ikebana.app/Data/level0.resS
2020-02-18 13:59:17 +0000  copying file ./Payload/ikebana.app/Data/level0 ... 
2020-02-18 13:59:17 +0000  67104 bytes for ./Payload/ikebana.app/Data/level0
2020-02-18 13:59:17 +0000  copying file ./Payload/ikebana.app/Data/resources.assets.resS ... 
2020-02-18 13:59:17 +0000  161792 bytes for ./Payload/ikebana.app/Data/resources.assets.resS
2020-02-18 13:59:17 +0000  copying file ./Payload/ikebana.app/Data/globalgamemanagers.assets ... 
2020-02-18 13:59:17 +0000  101592 bytes for ./Payload/ikebana.app/Data/globalgamemanagers.assets
2020-02-18 13:59:17 +0000  copying file ./Payload/ikebana.app/LaunchImage-800-Landscape-736h@3x.png ... 
2020-02-18 13:59:17 +0000  12887 bytes for ./Payload/ikebana.app/LaunchImage-800-Landscape-736h@3x.png
2020-02-18 13:59:17 +0000  copying file ./Payload/ikebana.app/LaunchImage-700-Portrait@2x~ipad.png ... 
2020-02-18 13:59:17 +0000  15515 bytes for ./Payload/ikebana.app/LaunchImage-700-Portrait@2x~ipad.png
2020-02-18 13:59:17 +0000  copying file ./Payload/ikebana.app/LaunchImage-700-Landscape~ipad.png ... 
2020-02-18 13:59:17 +0000  4433 bytes for ./Payload/ikebana.app/LaunchImage-700-Landscape~ipad.png
copying file ./Payload/ikebana.app/AppIcon20x20@2x~ipad.png ... 
2020-02-18 13:59:17 +0000  1981 bytes for ./Payload/ikebana.app/AppIcon20x20@2x~ipad.png
2020-02-18 13:59:17 +0000  copying file ./Payload/ikebana.app/Info.plist ... 
2020-02-18 13:59:17 +0000  2519 bytes for ./Payload/ikebana.app/Info.plist
copying file ./Payload/ikebana.app/PkgInfo ... 
2020-02-18 13:59:17 +0000  8 bytes for ./Payload/ikebana.app/PkgInfo
2020-02-18 13:59:17 +0000  copying file ./Payload/ikebana.app/zh.lproj/Localizable.strings ... 
2020-02-18 13:59:17 +0000  42 bytes for ./Payload/ikebana.app/zh.lproj/Localizable.strings
copying file ./Payload/ikebana.app/zh.lproj/InfoPlist.strings ... 
2020-02-18 13:59:17 +0000  76 bytes for ./Payload/ikebana.app/zh.lproj/InfoPlist.strings
2020-02-18 13:59:17 +0000  copying file ./Payload/ikebana.app/AppIcon76x76~ipad.png ... 
2020-02-18 13:59:17 +0000  3963 bytes for ./Payload/ikebana.app/AppIcon76x76~ipad.png
2020-02-18 13:59:17 +0000  copying file ./Symbols/ED020D65-4FC5-3CB6-8156-52335640810F.symbols ... 
2020-02-18 13:59:23 +0000  125064216 bytes for ./Symbols/ED020D65-4FC5-3CB6-8156-52335640810F.symbols
2020-02-18 13:59:23 +0000  /usr/bin/ditto exited with 0
2020-02-18 13:59:23 +0000  Processing step: IDEDistributionAppStoreInformationStep
2020-02-18 13:59:23 +0000  Skipping step: IDEDistributionAppStoreInformationStep because it said so
2020-02-18 13:59:23 +0000  Processing step: IDEDistributionGenerateProcessedDistributionItems
2020-02-18 13:59:23 +0000  Processing step: IDEDistributionCreateManifestStep
2020-02-18 13:59:23 +0000  Skipping step: IDEDistributionCreateManifestStep because it said so
